# JRE version: OpenJDK Runtime Environment (8.0_242-b01) (build 1.8.0_242-release-1644-b01)
# Java VM: OpenJDK 64-Bit Server VM (25.242-b01 mixed mode windows-amd64 compressed oops)
Heap:
 PSYoungGen      total 133120K, used 75089K [0x00000000eb980000, 0x00000000f5980000, 0x0000000100000000)
  eden space 103936K, 45% used [0x00000000eb980000,0x00000000ee7f4c88,0x00000000f1f00000)
  from space 29184K, 94% used [0x00000000f1f00000,0x00000000f39dfab0,0x00000000f3b80000)
  to   space 27136K, 0% used [0x00000000f3b80000,0x00000000f3b80000,0x00000000f5600000)
 ParOldGen       total 63488K, used 37682K [0x00000000c2c00000, 0x00000000c6a00000, 0x00000000eb980000)
  object space 63488K, 59% used [0x00000000c2c00000,0x00000000c50cc8d0,0x00000000c6a00000)
 Metaspace       used 57652K, capacity 58730K, committed 59056K, reserved 1101824K
  class space    used 6481K, capacity 6735K, committed 6832K, reserved 1048576K
GC Heap History (10 events):
Event: 16.809 GC heap before
{Heap before GC invocations=11 (full 2):
 PSYoungGen      total 82944K, used 68608K [0x00000000eb980000, 0x00000000f3580000, 0x0000000100000000)
  eden space 68608K, 100% used [0x00000000eb980000,0x00000000efc80000,0x00000000efc80000)
  from space 14336K, 0% used [0x00000000f0b80000,0x00000000f0b80000,0x00000000f1980000)
  to   space 15360K, 0% used [0x00000000efc80000,0x00000000efc80000,0x00000000f0b80000)
 ParOldGen       total 63488K, used 18134K [0x00000000c2c00000, 0x00000000c6a00000, 0x00000000eb980000)
  object space 63488K, 28% used [0x00000000c2c00000,0x00000000c3db5b00,0x00000000c6a00000)
 Metaspace       used 39782K, capacity 40488K, committed 40752K, reserved 1085440K
  class space    used 4998K, capacity 5166K, committed 5168K, reserved 1048576K
Event: 16.840 GC heap after
Heap after GC invocations=11 (full 2):
 PSYoungGen      total 83968K, used 13660K [0x00000000eb980000, 0x00000000f3000000, 0x0000000100000000)
  eden space 68608K, 0% used [0x00000000eb980000,0x00000000eb980000,0x00000000efc80000)
  from space 15360K, 88% used [0x00000000efc80000,0x00000000f09d7198,0x00000000f0b80000)
  to   space 16896K, 0% used [0x00000000f1f80000,0x00000000f1f80000,0x00000000f3000000)
 ParOldGen       total 63488K, used 18142K [0x00000000c2c00000, 0x00000000c6a00000, 0x00000000eb980000)
  object space 63488K, 28% used [0x00000000c2c00000,0x00000000c3db7b00,0x00000000c6a00000)
 Metaspace       used 39782K, capacity 40488K, committed 40752K, reserved 1085440K
  class space    used 4998K, capacity 5166K, committed 5168K, reserved 1048576K
}
Event: 21.450 GC heap before
{Heap before GC invocations=12 (full 2):
 PSYoungGen      total 83968K, used 82268K [0x00000000eb980000, 0x00000000f3000000, 0x0000000100000000)
  eden space 68608K, 100% used [0x00000000eb980000,0x00000000efc80000,0x00000000efc80000)
  from space 15360K, 88% used [0x00000000efc80000,0x00000000f09d7198,0x00000000f0b80000)
  to   space 16896K, 0% used [0x00000000f1f80000,0x00000000f1f80000,0x00000000f3000000)
 ParOldGen       total 63488K, used 18142K [0x00000000c2c00000, 0x00000000c6a00000, 0x00000000eb980000)
  object space 63488K, 28% used [0x00000000c2c00000,0x00000000c3db7b00,0x00000000c6a00000)
 Metaspace       used 42044K, capacity 42736K, committed 42928K, reserved 1087488K
  class space    used 5103K, capacity 5280K, committed 5296K, reserved 1048576K
Event: 21.527 GC heap after
Heap after GC invocations=12 (full 2):
 PSYoungGen      total 101376K, used 16888K [0x00000000eb980000, 0x00000000f3580000, 0x0000000100000000)
  eden space 84480K, 0% used [0x00000000eb980000,0x00000000eb980000,0x00000000f0c00000)
  from space 16896K, 99% used [0x00000000f1f80000,0x00000000f2ffe2b8,0x00000000f3000000)
  to   space 19968K, 0% used [0x00000000f0c00000,0x00000000f0c00000,0x00000000f1f80000)
 ParOldGen       total 63488K, used 19853K [0x00000000c2c00000, 0x00000000c6a00000, 0x00000000eb980000)
  object space 63488K, 31% used [0x00000000c2c00000,0x00000000c3f637f8,0x00000000c6a00000)
 Metaspace       used 42044K, capacity 42736K, committed 42928K, reserved 1087488K
  class space    used 5103K, capacity 5280K, committed 5296K, reserved 1048576K
}
Event: 29.117 GC heap before
{Heap before GC invocations=13 (full 2):
 PSYoungGen      total 101376K, used 101368K [0x00000000eb980000, 0x00000000f3580000, 0x0000000100000000)
  eden space 84480K, 100% used [0x00000000eb980000,0x00000000f0c00000,0x00000000f0c00000)
  from space 16896K, 99% used [0x00000000f1f80000,0x00000000f2ffe2b8,0x00000000f3000000)
  to   space 19968K, 0% used [0x00000000f0c00000,0x00000000f0c00000,0x00000000f1f80000)
 ParOldGen       total 63488K, used 19853K [0x00000000c2c00000, 0x00000000c6a00000, 0x00000000eb980000)
  object space 63488K, 31% used [0x00000000c2c00000,0x00000000c3f637f8,0x00000000c6a00000)
 Metaspace       used 48176K, capacity 49198K, committed 49584K, reserved 1093632K
  class space    used 5720K, capacity 5965K, committed 6064K, reserved 1048576K
Event: 29.203 GC heap after
Heap after GC invocations=13 (full 2):
 PSYoungGen      total 104448K, used 19950K [0x00000000eb980000, 0x00000000f5600000, 0x0000000100000000)
  eden space 84480K, 0% used [0x00000000eb980000,0x00000000eb980000,0x00000000f0c00000)
  from space 19968K, 99% used [0x00000000f0c00000,0x00000000f1f7ba18,0x00000000f1f80000)
  to   space 27136K, 0% used [0x00000000f3b80000,0x00000000f3b80000,0x00000000f5600000)
 ParOldGen       total 63488K, used 31798K [0x00000000c2c00000, 0x00000000c6a00000, 0x00000000eb980000)
  object space 63488K, 50% used [0x00000000c2c00000,0x00000000c4b0d9a8,0x00000000c6a00000)
 Metaspace       used 48176K, capacity 49198K, committed 49584K, reserved 1093632K
  class space    used 5720K, capacity 5965K, committed 6064K, reserved 1048576K
}
Event: 36.957 GC heap before
{Heap before GC invocations=14 (full 2):
 PSYoungGen      total 104448K, used 104430K [0x00000000eb980000, 0x00000000f5600000, 0x0000000100000000)
  eden space 84480K, 100% used [0x00000000eb980000,0x00000000f0c00000,0x00000000f0c00000)
  from space 19968K, 99% used [0x00000000f0c00000,0x00000000f1f7ba18,0x00000000f1f80000)
  to   space 27136K, 0% used [0x00000000f3b80000,0x00000000f3b80000,0x00000000f5600000)
 ParOldGen       total 63488K, used 31798K [0x00000000c2c00000, 0x00000000c6a00000, 0x00000000eb980000)
  object space 63488K, 50% used [0x00000000c2c00000,0x00000000c4b0d9a8,0x00000000c6a00000)
 Metaspace       used 50939K, capacity 51928K, committed 52016K, reserved 1095680K
  class space    used 5919K, capacity 6156K, committed 6192K, reserved 1048576K
Event: 37.049 GC heap after
Heap after GC invocations=14 (full 2):
 PSYoungGen      total 131072K, used 22052K [0x00000000eb980000, 0x00000000f5980000, 0x0000000100000000)
  eden space 103936K, 0% used [0x00000000eb980000,0x00000000eb980000,0x00000000f1f00000)
  from space 27136K, 81% used [0x00000000f3b80000,0x00000000f5109340,0x00000000f5600000)
  to   space 29184K, 0% used [0x00000000f1f00000,0x00000000f1f00000,0x00000000f3b80000)
 ParOldGen       total 63488K, used 37666K [0x00000000c2c00000, 0x00000000c6a00000, 0x00000000eb980000)
  object space 63488K, 59% used [0x00000000c2c00000,0x00000000c50c88d0,0x00000000c6a00000)
 Metaspace       used 50939K, capacity 51928K, committed 52016K, reserved 1095680K
  class space    used 5919K, capacity 6156K, committed 6192K, reserved 1048576K
}
Event: 44.108 GC heap before
{Heap before GC invocations=15 (full 2):
 PSYoungGen      total 131072K, used 125988K [0x00000000eb980000, 0x00000000f5980000, 0x0000000100000000)
  eden space 103936K, 100% used [0x00000000eb980000,0x00000000f1f00000,0x00000000f1f00000)
  from space 27136K, 81% used [0x00000000f3b80000,0x00000000f5109340,0x00000000f5600000)
  to   space 29184K, 0% used [0x00000000f1f00000,0x00000000f1f00000,0x00000000f3b80000)
 ParOldGen       total 63488K, used 37666K [0x00000000c2c00000, 0x00000000c6a00000, 0x00000000eb980000)
  object space 63488K, 59% used [0x00000000c2c00000,0x00000000c50c88d0,0x00000000c6a00000)
 Metaspace       used 57642K, capacity 58730K, committed 59056K, reserved 1101824K
  class space    used 6481K, capacity 6735K, committed 6832K, reserved 1048576K
Event: 44.198 GC heap after
Heap after GC invocations=15 (full 2):
 PSYoungGen      total 133120K, used 27518K [0x00000000eb980000, 0x00000000f5980000, 0x0000000100000000)
  eden space 103936K, 0% used [0x00000000eb980000,0x00000000eb980000,0x00000000f1f00000)
  from space 29184K, 94% used [0x00000000f1f00000,0x00000000f39dfab0,0x00000000f3b80000)
  to   space 27136K, 0% used [0x00000000f3b80000,0x00000000f3b80000,0x00000000f5600000)
 ParOldGen       total 63488K, used 37682K [0x00000000c2c00000, 0x00000000c6a00000, 0x00000000eb980000)
  object space 63488K, 59% used [0x00000000c2c00000,0x00000000c50cc8d0,0x00000000c6a00000)
 Metaspace       used 57642K, capacity 58730K, committed 59056K, reserved 1101824K
  class space    used 6481K, capacity 6735K, committed 6832K, reserved 1048576K
}

